  ModulesLoader.cpp
  mod_assistant.cpp
  Colonist.cpp
  Hardcore.cpp
  LevelUp.cpp
  LFG.cpp
  PlayerSettings.cpp
  ProgressionSystem.cpp
  Bracket_0_loader.cpp
  Bracket_1_19_loader.cpp
  love_in_air.cpp
  Bracket_20_29_loader.cpp
  Bracket_30_39_loader.cpp
  Bracket_40_49_loader.cpp
  Bracket_50_59_A_loader.cpp
  Bracket_50_59_B_loader.cpp
  boss_drakkisath.cpp
  instance_blackrock_spire.cpp
  Bracket_60_1_loader.cpp
  Bracket_60_1_A_loader.cpp
  instance_molten_core.cpp
  Bracket_60_2_loader.cpp
  boss_onyxia.cpp
  instance_onyxias_lair.cpp
  boss_lord_kazzak.cpp
  Bracket_60_2_A_loader.cpp
  boss_chromaggus.cpp
  RdfExpansion.cpp
  RdfExpansion_loader.cpp
  WinzigCommand.cpp
  WinzigCreature.cpp
  WinzigDatabase.cpp
  WinzigItem.cpp
  WinzigPlayer.cpp
  WinzigWorld.cpp
  loader.cpp
  loader.cpp
  loader.cpp
  loader.cpp
  loader.cpp
  loader.cpp
  loader.cpp
  quest_jail_break.cpp
  quest_the_masquerade.cpp
  quest_jail_break.cpp
  quest_the_masquerade.cpp
  loader.cpp
quest_the_masquerade.cpp.obj : warning LNK4006: "void __cdecl AddSC_quest_the_masquerade_60_2(void)" (?AddSC_quest_the_masquerade_60_2@@YAXXZ) already defined in quest_the_masquerade.cpp.obj; second definition ignored
quest_jail_break.cpp.obj : warning LNK4006: "void __cdecl AddSC_quest_jail_break_60_2(void)" (?AddSC_quest_jail_break_60_2@@YAXXZ) already defined in quest_jail_break.cpp.obj; second definition ignored
  modules.vcxproj -> C:\Users\Fischer\Documents\GitHub\Azerothcore\azerothcore-wotlk\build-fischer\modules\Release\modules.lib
